<?xml version="1.0" encoding="UTF-8"?>
<!-- Generated by org.testng.reporters.JUnitReportReporter -->
<testsuite skipped="0" hostname="DESKTOP-KGTM12S" name="mylog.selenium.LoggingTest" tests="1" failures="0" timestamp="10 Sep 2017 15:21:19 GMT" time="0.014" errors="0">
  <testcase name="runme" time="0.014" classname="mylog.selenium.LoggingTest"/>
</testsuite> <!-- mylog.selenium.LoggingTest -->
